<?xml version="1.0" encoding="UTF-8"?>
<!-- Generated by org.testng.reporters.JUnitReportReporter -->
<testsuite hostname="DESKTOP-37BKIHR" name="TestCase.V1_1.IssuePage.WorkLog.RPCMSD1021" tests="1" failures="0" timestamp="25 Aug 2020 12:45:26 GMT" time="5.674" errors="0">
  <testcase name="RPCMSD1021" time="5.674" classname="TestCase.V1_1.IssuePage.WorkLog.RPCMSD1021"/>
</testsuite> <!-- TestCase.V1_1.IssuePage.WorkLog.RPCMSD1021 -->
