<?xml version="1.0" encoding="UTF-8"?>
<!-- Generated by org.testng.reporters.JUnitReportReporter -->
<testsuite hostname="LAPTOP-ASSFC36J" name="TestCase.CheckOut.CalendarScheme" tests="3" failures="0" timestamp="17 Aug 2020 16:26:53 GMT" time="115.093" errors="0">
  <testcase name="WorkdayScheme" time="39.208" classname="TestCase.CheckOut.CalendarScheme"/>
  <testcase name="WorkdayScheme" time="38.006" classname="TestCase.CheckOut.CalendarScheme"/>
  <testcase name="WorkdayScheme" time="37.879" classname="TestCase.CheckOut.CalendarScheme"/>
</testsuite> <!-- TestCase.CheckOut.CalendarScheme -->
