<?xml version="1.0" encoding="UTF-8"?>
<!-- Generated by org.testng.reporters.JUnitReportReporter -->
<testsuite hostname="DESKTOP-37BKIHR" name="TestCase.V1_2.Configure.Workday_configuration.RPCMSD1765" tests="1" failures="0" timestamp="25 Aug 2020 12:45:26 GMT" time="1.326" errors="0">
  <testcase name="RPCMSD1765" time="1.326" classname="TestCase.V1_2.Configure.Workday_configuration.RPCMSD1765"/>
</testsuite> <!-- TestCase.V1_2.Configure.Workday_configuration.RPCMSD1765 -->
