<?xml version="1.0" encoding="UTF-8"?>
<!-- Generated by org.testng.reporters.JUnitReportReporter -->
<testsuite hostname="DESKTOP-37BKIHR" name="TestCase.V1_1.IssuePage.WorkLog.RPCMSD1400" tests="1" failures="0" timestamp="25 Aug 2020 12:45:26 GMT" time="5.319" errors="0">
  <testcase name="RPCMSD1400" time="5.319" classname="TestCase.V1_1.IssuePage.WorkLog.RPCMSD1400"/>
</testsuite> <!-- TestCase.V1_1.IssuePage.WorkLog.RPCMSD1400 -->
