<?xml version="1.0" encoding="UTF-8"?>
<!-- Generated by org.testng.reporters.JUnitReportReporter -->
<testsuite hostname="LAPTOP-ASSFC36J" name="TestCase.CheckOut.WorkdayScheme" tests="3" failures="0" timestamp="17 Aug 2020 16:26:53 GMT" time="96.367" errors="0">
  <testcase name="WorkdayScheme" time="32.431" classname="TestCase.CheckOut.WorkdayScheme"/>
  <testcase name="WorkdayScheme" time="31.926" classname="TestCase.CheckOut.WorkdayScheme"/>
  <testcase name="WorkdayScheme" time="32.010" classname="TestCase.CheckOut.WorkdayScheme"/>
</testsuite> <!-- TestCase.CheckOut.WorkdayScheme -->
