<?xml version="1.0" encoding="UTF-8"?>
<!-- Generated by org.testng.reporters.JUnitReportReporter -->
<testsuite hostname="DESKTOP-37BKIHR" name="TestCase.V1_1.IssuePage.WorkPlan.RPCMSD1165" tests="1" failures="0" timestamp="25 Aug 2020 12:45:26 GMT" time="5.176" errors="0">
  <testcase name="RPCMSD1165" time="5.176" classname="TestCase.V1_1.IssuePage.WorkPlan.RPCMSD1165"/>
</testsuite> <!-- TestCase.V1_1.IssuePage.WorkPlan.RPCMSD1165 -->
