<?xml version="1.0" encoding="UTF-8"?>
<!-- Generated by org.testng.reporters.JUnitReportReporter -->
<testsuite hostname="DESKTOP-37BKIHR" name="TestCase.V1_1.IssuePage.WorkPlan.RPCMSD1403" tests="1" failures="0" timestamp="25 Aug 2020 12:45:26 GMT" time="4.683" errors="0">
  <testcase name="RPCMSD1403" time="4.683" classname="TestCase.V1_1.IssuePage.WorkPlan.RPCMSD1403"/>
</testsuite> <!-- TestCase.V1_1.IssuePage.WorkPlan.RPCMSD1403 -->
