<?xml version="1.0" encoding="UTF-8"?>
<!-- Generated by org.testng.reporters.JUnitReportReporter -->
<testsuite hostname="DESKTOP-37BKIHR" name="TestCase.V1_4.applicationReport.ApplicaitonReport" tests="1" failures="0" timestamp="25 Aug 2020 12:45:26 GMT" time="2.379" errors="0">
  <testcase name="ApplicaitonReport" time="2.379" classname="TestCase.V1_4.applicationReport.ApplicaitonReport"/>
</testsuite> <!-- TestCase.V1_4.applicationReport.ApplicaitonReport -->
