<?xml version="1.0" encoding="UTF-8"?>
<!-- Generated by org.testng.reporters.JUnitReportReporter -->
<testsuite hostname="LAPTOP-ASSFC36J" name="TestCase.CheckOut.WorkType" tests="3" failures="0" timestamp="17 Aug 2020 16:26:53 GMT" time="97.101" errors="0">
  <testcase name="WorkType" time="32.462" classname="TestCase.CheckOut.WorkType"/>
  <testcase name="WorkType" time="32.293" classname="TestCase.CheckOut.WorkType"/>
  <testcase name="WorkType" time="32.346" classname="TestCase.CheckOut.WorkType"/>
</testsuite> <!-- TestCase.CheckOut.WorkType -->
