<?xml version="1.0" encoding="UTF-8"?>
<!-- Generated by org.testng.reporters.JUnitReportReporter -->
<testsuite hostname="LAPTOP-ASSFC36J" name="TestCase.CheckOut.LimitLog" tests="5" failures="0" timestamp="17 Aug 2020 16:26:53 GMT" time="134.814" errors="0">
  <testcase name="limitLog" time="26.587" classname="TestCase.CheckOut.LimitLog"/>
  <testcase name="limitLog" time="27.217" classname="TestCase.CheckOut.LimitLog"/>
  <testcase name="limitLog" time="27.100" classname="TestCase.CheckOut.LimitLog"/>
  <testcase name="limitLog" time="26.898" classname="TestCase.CheckOut.LimitLog"/>
  <testcase name="limitLog" time="27.012" classname="TestCase.CheckOut.LimitLog"/>
</testsuite> <!-- TestCase.CheckOut.LimitLog -->
