<?xml version="1.0" encoding="UTF-8"?>
<!-- Generated by org.testng.reporters.JUnitReportReporter -->
<testsuite hostname="LAPTOP-ASSFC36J" name="TestCase.CheckOut.Workplan" tests="5" failures="0" timestamp="17 Aug 2020 16:26:53 GMT" time="217.578" errors="0">
  <testcase name="Workplan" time="43.621" classname="TestCase.CheckOut.Workplan"/>
  <testcase name="Workplan" time="43.459" classname="TestCase.CheckOut.Workplan"/>
  <testcase name="Workplan" time="43.497" classname="TestCase.CheckOut.Workplan"/>
  <testcase name="Workplan" time="43.597" classname="TestCase.CheckOut.Workplan"/>
  <testcase name="Workplan" time="43.404" classname="TestCase.CheckOut.Workplan"/>
</testsuite> <!-- TestCase.CheckOut.Workplan -->
